2025-11-25 12:41:58 [[31merror[39m] : TypeError: invalidateCache is not a function
    at Object.<anonymous> (C:\test-dobby-backend\routes\productRoutes.js:37:3)
    at Module._compile (node:internal/modules/cjs/loader:1734:14)
    at Object..js (node:internal/modules/cjs/loader:1899:10)
    at Module.load (node:internal/modules/cjs/loader:1469:32)
    at Function._load (node:internal/modules/cjs/loader:1286:12)
    at TracingChannel.traceSync (node:diagnostics_channel:322:14)
    at wrapModuleLoad (node:internal/modules/cjs/loader:235:24)
    at Module.require (node:internal/modules/cjs/loader:1491:12)
    at require (node:internal/modules/helpers:135:16)
    at Object.<anonymous> (C:\test-dobby-backend\server.js:22:23)
2025-11-25 12:45:15 [[31merror[39m] : TypeError: cacheByUser is not a function
    at Object.<anonymous> (C:\test-dobby-backend\routes\wishlistRoutes.js:11:40)
    at Module._compile (node:internal/modules/cjs/loader:1734:14)
    at Object..js (node:internal/modules/cjs/loader:1899:10)
    at Module.load (node:internal/modules/cjs/loader:1469:32)
    at Function._load (node:internal/modules/cjs/loader:1286:12)
    at TracingChannel.traceSync (node:diagnostics_channel:322:14)
    at wrapModuleLoad (node:internal/modules/cjs/loader:235:24)
    at Module.require (node:internal/modules/cjs/loader:1491:12)
    at require (node:internal/modules/helpers:135:16)
    at Object.<anonymous> (C:\test-dobby-backend\server.js:96:24)
2025-11-25 12:45:39 [[31merror[39m] : TypeError: cacheMiddleware is not a function
    at Object.<anonymous> (C:\test-dobby-backend\routes\authRoutes.js:23:49)
    at Module._compile (node:internal/modules/cjs/loader:1734:14)
    at Object..js (node:internal/modules/cjs/loader:1899:10)
    at Module.load (node:internal/modules/cjs/loader:1469:32)
    at Function._load (node:internal/modules/cjs/loader:1286:12)
    at TracingChannel.traceSync (node:diagnostics_channel:322:14)
    at wrapModuleLoad (node:internal/modules/cjs/loader:235:24)
    at Module.require (node:internal/modules/cjs/loader:1491:12)
    at require (node:internal/modules/helpers:135:16)
    at Object.<anonymous> (C:\test-dobby-backend\server.js:15:20)
